<?xml version="1.0" encoding="UTF-8"?>
<!-- Generated by org.testng.reporters.JUnitXMLReporter -->
<testsuite hostname="P2B-6B16NK2" ignored="0" name="Test01" tests="2" failures="1" timestamp="09 Sep 2018 09:11:35 GMT" time="0.213" errors="0">
  <testcase name="RegTEST" time="0.032" classname="com.accenture.tests.MyTest">
    <failure type="java.lang.AssertionError" message="expected [false] but found [true]">
      <![CDATA[java.lang.AssertionError: expected [false] but found [true]
at com.accenture.tests.MyTest.RegTEST(MyTest.java:19)
... Removed 31 stack frames]]>
    </failure>
  </testcase> <!-- RegTEST -->
  <testcase name="loginTest" time="0.0" classname="com.accenture.tests.MyTest"/>
</testsuite> <!-- Test01 -->
